15.1899
15.7622
15.7411
15.7124
15.7684
15.7632
15.6428
15.6833
17.6941
20.4763
21.8283
21.7198
19.1725
16.7009
16.9105
16.7647
19.7153
22.7278
26.488
23.8886
20.9087
17.623
18.2612
16.9466
20.5259
27.6342
31.0887
33.1071
33.3912
26.2206
20.9218
16.5744
16.2766
17.8457
22.8217
28.0159
32.2664
33.9628
30.2764
23.1932
17.5809
16.7664
17.8622
22.1956
23.2775
28.8534
31.209
27.707
20.7727
15.1515
17.4633
18.8697
21.7941
23.5816
29.8614
32.2789
29.723
23.876
19.0876
14.7506
18.2292
19.6352
20.8104
25.8592
30.955
31.2598
24.1727
16.9294
17.158
19.032
18.2916
16.6356
24.1937
28.1017
23.8527
20.4411
19.0121
19.459
19.706
19.7648
19.7824
19.6692
19.1446
18.1488
17.5429
17.5639
17.5472
17.5568
17.5346
